<?xml version="1.0" encoding="UTF-8"?>
<testng-results ignored="0" total="1" passed="1" failed="0" skipped="0">
  <reporter-output>
  </reporter-output>
  <suite started-at="2022-06-02T17:02:31 CDT" name="Default suite" finished-at="2022-06-02T17:03:12 CDT" duration-ms="40972">
    <groups>
    </groups>
    <test started-at="2022-06-02T17:02:31 CDT" name="Default test" finished-at="2022-06-02T17:03:12 CDT" duration-ms="40972">
      <class name="tests.RestorefRecycleTest">
        <test-method is-config="true" signature="setup()[pri:0, instance:tests.RestorefRecycleTest@4f80542f]" started-at="2022-06-02T17:02:31 CDT" name="setup" finished-at="2022-06-02T17:02:43 CDT" duration-ms="12611" status="PASS">
          <reporter-output>
          </reporter-output>
        </test-method> <!-- setup -->
        <test-method is-config="true" signature="call()[pri:0, instance:tests.RestorefRecycleTest@4f80542f]" started-at="2022-06-02T17:02:43 CDT" name="call" finished-at="2022-06-02T17:02:43 CDT" duration-ms="17" status="PASS">
          <reporter-output>
          </reporter-output>
        </test-method> <!-- call -->
        <test-method signature="deleteFromRecycle()[pri:0, instance:tests.RestorefRecycleTest@4f80542f]" started-at="2022-06-02T17:02:43 CDT" name="deleteFromRecycle" finished-at="2022-06-02T17:03:12 CDT" duration-ms="28317" status="PASS">
          <reporter-output>
          </reporter-output>
        </test-method> <!-- deleteFromRecycle -->
        <test-method is-config="true" signature="teardown()[pri:0, instance:tests.RestorefRecycleTest@4f80542f]" started-at="2022-06-02T17:03:12 CDT" name="teardown" finished-at="2022-06-02T17:03:12 CDT" duration-ms="0" status="PASS">
          <reporter-output>
          </reporter-output>
        </test-method> <!-- teardown -->
      </class> <!-- tests.RestorefRecycleTest -->
    </test> <!-- Default test -->
  </suite> <!-- Default suite -->
</testng-results>
