<?xml version="1.0" encoding="UTF-8"?>
<testng-results ignored="0" total="1" passed="1" failed="0" skipped="0">
  <reporter-output>
  </reporter-output>
  <suite started-at="2022-06-04T10:38:52 CDT" name="Default suite" finished-at="2022-06-04T10:39:28 CDT" duration-ms="36759">
    <groups>
    </groups>
    <test started-at="2022-06-04T10:38:52 CDT" name="Default test" finished-at="2022-06-04T10:39:28 CDT" duration-ms="36759">
      <class name="tests.DeletePPTest">
        <test-method is-config="true" signature="setup()[pri:0, instance:tests.DeletePPTest@4f80542f]" started-at="2022-06-04T10:38:52 CDT" name="setup" finished-at="2022-06-04T10:39:04 CDT" duration-ms="12398" status="PASS">
          <reporter-output>
          </reporter-output>
        </test-method> <!-- setup -->
        <test-method is-config="true" signature="set()[pri:0, instance:tests.DeletePPTest@4f80542f]" started-at="2022-06-04T10:39:04 CDT" name="set" finished-at="2022-06-04T10:39:04 CDT" duration-ms="15" status="PASS">
          <reporter-output>
          </reporter-output>
        </test-method> <!-- set -->
        <test-method signature="set_ProfileImage()[pri:0, instance:tests.DeletePPTest@4f80542f]" started-at="2022-06-04T10:39:04 CDT" name="set_ProfileImage" finished-at="2022-06-04T10:39:28 CDT" duration-ms="24322" status="PASS">
          <reporter-output>
          </reporter-output>
        </test-method> <!-- set_ProfileImage -->
        <test-method is-config="true" signature="teardown()[pri:0, instance:tests.DeletePPTest@4f80542f]" started-at="2022-06-04T10:39:28 CDT" name="teardown" finished-at="2022-06-04T10:39:28 CDT" duration-ms="1" status="PASS">
          <reporter-output>
          </reporter-output>
        </test-method> <!-- teardown -->
      </class> <!-- tests.DeletePPTest -->
    </test> <!-- Default test -->
  </suite> <!-- Default suite -->
</testng-results>
